[17-Sep-2019 11:35:08 UTC] PHP Warning:  count(): Parameter must be an array or an object that implements Countable in /Users/bitcube/Documents/workspace/temporall2/app/public/wp-includes/post-template.php on line 310
[17-Sep-2019 11:35:08 UTC] PHP Stack trace:
[17-Sep-2019 11:35:08 UTC] PHP   1. {main}() /Users/bitcube/Documents/workspace/temporall2/app/public/index.php:0
[17-Sep-2019 11:35:08 UTC] PHP   2. require() /Users/bitcube/Documents/workspace/temporall2/app/public/index.php:17
[17-Sep-2019 11:35:08 UTC] PHP   3. require_once() /Users/bitcube/Documents/workspace/temporall2/app/public/wp-blog-header.php:19
[17-Sep-2019 11:35:08 UTC] PHP   4. include() /Users/bitcube/Documents/workspace/temporall2/app/public/wp-includes/template-loader.php:78
[17-Sep-2019 11:35:08 UTC] PHP   5. the_content() /Users/bitcube/Documents/workspace/temporall2/app/public/wp-content/themes/temporall_site/page.php:11
[17-Sep-2019 11:35:08 UTC] PHP   6. get_the_content() /Users/bitcube/Documents/workspace/temporall2/app/public/wp-includes/post-template.php:238
[17-Sep-2019 11:56:00 UTC] PHP Fatal error:  Cannot redeclare theme_styles() (previously declared in /Users/bitcube/Documents/workspace/temporall2/app/public/wp-content/themes/temporall_site/functions.php:2) in /Users/bitcube/Documents/workspace/temporall2/app/public/wp-content/themes/temporall_site/functions.php on line 2
[17-Sep-2019 11:56:00 UTC] PHP Stack trace:
[17-Sep-2019 11:56:00 UTC] PHP   1. {main}() /Users/bitcube/Documents/workspace/temporall2/app/public/index.php:0
[17-Sep-2019 11:56:00 UTC] PHP   2. require() /Users/bitcube/Documents/workspace/temporall2/app/public/index.php:17
[17-Sep-2019 11:56:00 UTC] PHP   3. require_once() /Users/bitcube/Documents/workspace/temporall2/app/public/wp-blog-header.php:19
[17-Sep-2019 11:56:00 UTC] PHP   4. include() /Users/bitcube/Documents/workspace/temporall2/app/public/wp-includes/template-loader.php:78
[17-Sep-2019 11:56:16 UTC] PHP Fatal error:  Cannot redeclare theme_styles() (previously declared in /Users/bitcube/Documents/workspace/temporall2/app/public/wp-content/themes/temporall_site/functions.php:2) in /Users/bitcube/Documents/workspace/temporall2/app/public/wp-content/themes/temporall_site/functions.php on line 2
[17-Sep-2019 11:56:16 UTC] PHP Stack trace:
[17-Sep-2019 11:56:16 UTC] PHP   1. {main}() /Users/bitcube/Documents/workspace/temporall2/app/public/index.php:0
[17-Sep-2019 11:56:16 UTC] PHP   2. require() /Users/bitcube/Documents/workspace/temporall2/app/public/index.php:17
[17-Sep-2019 11:56:16 UTC] PHP   3. require_once() /Users/bitcube/Documents/workspace/temporall2/app/public/wp-blog-header.php:19
[17-Sep-2019 11:56:16 UTC] PHP   4. include() /Users/bitcube/Documents/workspace/temporall2/app/public/wp-includes/template-loader.php:78
[17-Sep-2019 11:57:46 UTC] PHP Fatal error:  Cannot redeclare theme_styles() (previously declared in /Users/bitcube/Documents/workspace/temporall2/app/public/wp-content/themes/temporall_site/functions.php:2) in /Users/bitcube/Documents/workspace/temporall2/app/public/wp-content/themes/temporall_site/functions.php on line 2
[17-Sep-2019 11:57:46 UTC] PHP Stack trace:
[17-Sep-2019 11:57:46 UTC] PHP   1. {main}() /Users/bitcube/Documents/workspace/temporall2/app/public/index.php:0
[17-Sep-2019 11:57:46 UTC] PHP   2. require() /Users/bitcube/Documents/workspace/temporall2/app/public/index.php:17
[17-Sep-2019 11:57:46 UTC] PHP   3. require_once() /Users/bitcube/Documents/workspace/temporall2/app/public/wp-blog-header.php:19
[17-Sep-2019 11:57:46 UTC] PHP   4. include() /Users/bitcube/Documents/workspace/temporall2/app/public/wp-includes/template-loader.php:78
[17-Sep-2019 11:58:13 UTC] PHP Fatal error:  Cannot redeclare theme_styles() (previously declared in /Users/bitcube/Documents/workspace/temporall2/app/public/wp-content/themes/temporall_site/functions.php:2) in /Users/bitcube/Documents/workspace/temporall2/app/public/wp-content/themes/temporall_site/functions.php on line 2
[17-Sep-2019 11:58:13 UTC] PHP Stack trace:
[17-Sep-2019 11:58:13 UTC] PHP   1. {main}() /Users/bitcube/Documents/workspace/temporall2/app/public/index.php:0
[17-Sep-2019 11:58:13 UTC] PHP   2. require() /Users/bitcube/Documents/workspace/temporall2/app/public/index.php:17
[17-Sep-2019 11:58:13 UTC] PHP   3. require_once() /Users/bitcube/Documents/workspace/temporall2/app/public/wp-blog-header.php:19
[17-Sep-2019 11:58:13 UTC] PHP   4. include() /Users/bitcube/Documents/workspace/temporall2/app/public/wp-includes/template-loader.php:78
[20-Sep-2019 11:24:11 UTC] PHP Fatal error:  Cannot redeclare loadMyBlock() (previously declared in /Users/bitcube/Documents/Workspace/temporall_wordpress/app/public/wp-content/plugins/test-block/test-block.php:8) in /Users/bitcube/Documents/Workspace/temporall_wordpress/app/public/wp-content/plugins/text-image/text-block.php on line 8
[20-Sep-2019 11:24:11 UTC] PHP Stack trace:
[20-Sep-2019 11:24:11 UTC] PHP   1. {main}() /Users/bitcube/Documents/Workspace/temporall_wordpress/app/public/wp-admin/plugins.php:0
[20-Sep-2019 11:24:11 UTC] PHP   2. activate_plugin() /Users/bitcube/Documents/Workspace/temporall_wordpress/app/public/wp-admin/plugins.php:44
[20-Sep-2019 11:24:12 UTC] PHP Fatal error:  Cannot redeclare loadMyBlock() (previously declared in /Users/bitcube/Documents/Workspace/temporall_wordpress/app/public/wp-content/plugins/test-block/test-block.php:8) in /Users/bitcube/Documents/Workspace/temporall_wordpress/app/public/wp-content/plugins/text-image/text-block.php on line 8
[20-Sep-2019 11:24:12 UTC] PHP Stack trace:
[20-Sep-2019 11:24:12 UTC] PHP   1. {main}() /Users/bitcube/Documents/Workspace/temporall_wordpress/app/public/wp-admin/plugins.php:0
[20-Sep-2019 11:24:12 UTC] PHP   2. plugin_sandbox_scrape() /Users/bitcube/Documents/Workspace/temporall_wordpress/app/public/wp-admin/plugins.php:175
[20-Sep-2019 11:24:12 UTC] PHP Fatal error:  Cannot redeclare loadMyBlock() (previously declared in /Users/bitcube/Documents/Workspace/temporall_wordpress/app/public/wp-content/plugins/test-block/test-block.php:8) in /Users/bitcube/Documents/Workspace/temporall_wordpress/app/public/wp-content/plugins/text-image/text-block.php on line 8
[20-Sep-2019 11:24:12 UTC] PHP Stack trace:
[20-Sep-2019 11:24:12 UTC] PHP   1. {main}() /Users/bitcube/Documents/Workspace/temporall_wordpress/app/public/wp-admin/plugins.php:0
[20-Sep-2019 11:24:12 UTC] PHP   2. plugin_sandbox_scrape() /Users/bitcube/Documents/Workspace/temporall_wordpress/app/public/wp-admin/plugins.php:175
[25-Sep-2019 19:36:45 UTC] PHP Warning:  An unexpected error occurred. Something may be wrong with WordPress.org or this server&#8217;s configuration. If you continue to have problems, please try the <a href="https://wordpress.org/support/">support forums</a>. (WordPress could not establish a secure connection to WordPress.org. Please contact your server administrator.) in /Users/bitcube/Documents/Workspace/temporall_wordpress/app/public/wp-includes/update.php on line 160
[25-Sep-2019 19:36:45 UTC] PHP Stack trace:
[25-Sep-2019 19:36:45 UTC] PHP   1. {main}() /Users/bitcube/Documents/Workspace/temporall_wordpress/app/public/wp-cron.php:0
[25-Sep-2019 19:36:45 UTC] PHP   2. do_action_ref_array() /Users/bitcube/Documents/Workspace/temporall_wordpress/app/public/wp-cron.php:133
[25-Sep-2019 19:36:45 UTC] PHP   3. WP_Hook->do_action() /Users/bitcube/Documents/Workspace/temporall_wordpress/app/public/wp-includes/plugin.php:531
[25-Sep-2019 19:36:45 UTC] PHP   4. WP_Hook->apply_filters() /Users/bitcube/Documents/Workspace/temporall_wordpress/app/public/wp-includes/class-wp-hook.php:310
[25-Sep-2019 19:36:45 UTC] PHP   5. wp_version_check() /Users/bitcube/Documents/Workspace/temporall_wordpress/app/public/wp-includes/class-wp-hook.php:286
[25-Sep-2019 19:36:45 UTC] PHP   6. trigger_error() /Users/bitcube/Documents/Workspace/temporall_wordpress/app/public/wp-includes/update.php:160
[25-Sep-2019 19:36:45 UTC] PHP Warning:  An unexpected error occurred. Something may be wrong with WordPress.org or this server&#8217;s configuration. If you continue to have problems, please try the <a href="https://wordpress.org/support/">support forums</a>. (WordPress could not establish a secure connection to WordPress.org. Please contact your server administrator.) in /Users/bitcube/Documents/Workspace/temporall_wordpress/app/public/wp-includes/update.php on line 384
[25-Sep-2019 19:36:45 UTC] PHP Stack trace:
[25-Sep-2019 19:36:45 UTC] PHP   1. {main}() /Users/bitcube/Documents/Workspace/temporall_wordpress/app/public/wp-cron.php:0
[25-Sep-2019 19:36:45 UTC] PHP   2. do_action_ref_array() /Users/bitcube/Documents/Workspace/temporall_wordpress/app/public/wp-cron.php:133
[25-Sep-2019 19:36:45 UTC] PHP   3. WP_Hook->do_action() /Users/bitcube/Documents/Workspace/temporall_wordpress/app/public/wp-includes/plugin.php:531
[25-Sep-2019 19:36:45 UTC] PHP   4. WP_Hook->apply_filters() /Users/bitcube/Documents/Workspace/temporall_wordpress/app/public/wp-includes/class-wp-hook.php:310
[25-Sep-2019 19:36:45 UTC] PHP   5. wp_update_plugins() /Users/bitcube/Documents/Workspace/temporall_wordpress/app/public/wp-includes/class-wp-hook.php:286
[25-Sep-2019 19:36:45 UTC] PHP   6. trigger_error() /Users/bitcube/Documents/Workspace/temporall_wordpress/app/public/wp-includes/update.php:384
[25-Sep-2019 19:36:45 UTC] PHP Warning:  An unexpected error occurred. Something may be wrong with WordPress.org or this server&#8217;s configuration. If you continue to have problems, please try the <a href="https://wordpress.org/support/">support forums</a>. (WordPress could not establish a secure connection to WordPress.org. Please contact your server administrator.) in /Users/bitcube/Documents/Workspace/temporall_wordpress/app/public/wp-includes/update.php on line 569
[25-Sep-2019 19:36:45 UTC] PHP Stack trace:
[25-Sep-2019 19:36:45 UTC] PHP   1. {main}() /Users/bitcube/Documents/Workspace/temporall_wordpress/app/public/wp-cron.php:0
[25-Sep-2019 19:36:45 UTC] PHP   2. do_action_ref_array() /Users/bitcube/Documents/Workspace/temporall_wordpress/app/public/wp-cron.php:133
[25-Sep-2019 19:36:45 UTC] PHP   3. WP_Hook->do_action() /Users/bitcube/Documents/Workspace/temporall_wordpress/app/public/wp-includes/plugin.php:531
[25-Sep-2019 19:36:45 UTC] PHP   4. WP_Hook->apply_filters() /Users/bitcube/Documents/Workspace/temporall_wordpress/app/public/wp-includes/class-wp-hook.php:310
[25-Sep-2019 19:36:45 UTC] PHP   5. wp_update_themes() /Users/bitcube/Documents/Workspace/temporall_wordpress/app/public/wp-includes/class-wp-hook.php:286
[25-Sep-2019 19:36:45 UTC] PHP   6. trigger_error() /Users/bitcube/Documents/Workspace/temporall_wordpress/app/public/wp-includes/update.php:569
[30-Sep-2019 09:06:06 UTC] PHP Fatal error:  Uncaught ArgumentCountError: Too few arguments to function LazyBlocks_Blocks::{closure}(), 1 passed and at least 2 expected in /Users/bitcube/Documents/Workspace/temporall_wordpress/app/public/wp-content/plugins/lazy-blocks/classes/class-blocks.php:94
Stack trace:
#0 [internal function]: LazyBlocks_Blocks->{closure}(Array)
#1 /Users/bitcube/Documents/Workspace/temporall_wordpress/app/public/wp-content/plugins/lazy-blocks/vendor/Handlebars/Handlebars.php(374): call_user_func_array(Object(Closure), Array)
#2 [internal function]: Handlebars\Handlebars->Handlebars\{closure}(Object(Handlebars\Template), Object(Handlebars\Context), Object(Handlebars\Arguments), '')
#3 /Users/bitcube/Documents/Workspace/temporall_wordpress/app/public/wp-content/plugins/lazy-blocks/vendor/Handlebars/Helpers.php(159): call_user_func(Object(Closure), Object(Handlebars\Template), Object(Handlebars\Context), Object(Handlebars\Arguments), '')
#4 /Users/bitcube/Documents/Workspace/temporall_wordpress/app/public/wp-content/plugins/lazy-bloc in /Users/bitcube/Documents/Workspace/temporall_wordpress/app/public/wp-content/plugins/lazy-blocks/classes/class-blocks.php on line 94
[30-Sep-2019 09:06:35 UTC] PHP Fatal error:  Uncaught ArgumentCountError: Too few arguments to function LazyBlocks_Blocks::{closure}(), 1 passed and at least 2 expected in /Users/bitcube/Documents/Workspace/temporall_wordpress/app/public/wp-content/plugins/lazy-blocks/classes/class-blocks.php:94
Stack trace:
#0 [internal function]: LazyBlocks_Blocks->{closure}(Array)
#1 /Users/bitcube/Documents/Workspace/temporall_wordpress/app/public/wp-content/plugins/lazy-blocks/vendor/Handlebars/Handlebars.php(374): call_user_func_array(Object(Closure), Array)
#2 [internal function]: Handlebars\Handlebars->Handlebars\{closure}(Object(Handlebars\Template), Object(Handlebars\Context), Object(Handlebars\Arguments), '')
#3 /Users/bitcube/Documents/Workspace/temporall_wordpress/app/public/wp-content/plugins/lazy-blocks/vendor/Handlebars/Helpers.php(159): call_user_func(Object(Closure), Object(Handlebars\Template), Object(Handlebars\Context), Object(Handlebars\Arguments), '')
#4 /Users/bitcube/Documents/Workspace/temporall_wordpress/app/public/wp-content/plugins/lazy-bloc in /Users/bitcube/Documents/Workspace/temporall_wordpress/app/public/wp-content/plugins/lazy-blocks/classes/class-blocks.php on line 94
[30-Sep-2019 09:06:44 UTC] PHP Fatal error:  Uncaught ArgumentCountError: Too few arguments to function LazyBlocks_Blocks::{closure}(), 1 passed and at least 2 expected in /Users/bitcube/Documents/Workspace/temporall_wordpress/app/public/wp-content/plugins/lazy-blocks/classes/class-blocks.php:94
Stack trace:
#0 [internal function]: LazyBlocks_Blocks->{closure}(Array)
#1 /Users/bitcube/Documents/Workspace/temporall_wordpress/app/public/wp-content/plugins/lazy-blocks/vendor/Handlebars/Handlebars.php(374): call_user_func_array(Object(Closure), Array)
#2 [internal function]: Handlebars\Handlebars->Handlebars\{closure}(Object(Handlebars\Template), Object(Handlebars\Context), Object(Handlebars\Arguments), '')
#3 /Users/bitcube/Documents/Workspace/temporall_wordpress/app/public/wp-content/plugins/lazy-blocks/vendor/Handlebars/Helpers.php(159): call_user_func(Object(Closure), Object(Handlebars\Template), Object(Handlebars\Context), Object(Handlebars\Arguments), '')
#4 /Users/bitcube/Documents/Workspace/temporall_wordpress/app/public/wp-content/plugins/lazy-bloc in /Users/bitcube/Documents/Workspace/temporall_wordpress/app/public/wp-content/plugins/lazy-blocks/classes/class-blocks.php on line 94
[30-Sep-2019 09:07:20 UTC] PHP Fatal error:  Uncaught ArgumentCountError: Too few arguments to function LazyBlocks_Blocks::{closure}(), 1 passed and at least 2 expected in /Users/bitcube/Documents/Workspace/temporall_wordpress/app/public/wp-content/plugins/lazy-blocks/classes/class-blocks.php:94
Stack trace:
#0 [internal function]: LazyBlocks_Blocks->{closure}(Array)
#1 /Users/bitcube/Documents/Workspace/temporall_wordpress/app/public/wp-content/plugins/lazy-blocks/vendor/Handlebars/Handlebars.php(374): call_user_func_array(Object(Closure), Array)
#2 [internal function]: Handlebars\Handlebars->Handlebars\{closure}(Object(Handlebars\Template), Object(Handlebars\Context), Object(Handlebars\Arguments), '')
#3 /Users/bitcube/Documents/Workspace/temporall_wordpress/app/public/wp-content/plugins/lazy-blocks/vendor/Handlebars/Helpers.php(159): call_user_func(Object(Closure), Object(Handlebars\Template), Object(Handlebars\Context), Object(Handlebars\Arguments), '')
#4 /Users/bitcube/Documents/Workspace/temporall_wordpress/app/public/wp-content/plugins/lazy-bloc in /Users/bitcube/Documents/Workspace/temporall_wordpress/app/public/wp-content/plugins/lazy-blocks/classes/class-blocks.php on line 94
[30-Sep-2019 09:07:24 UTC] PHP Fatal error:  Uncaught ArgumentCountError: Too few arguments to function LazyBlocks_Blocks::{closure}(), 1 passed and at least 2 expected in /Users/bitcube/Documents/Workspace/temporall_wordpress/app/public/wp-content/plugins/lazy-blocks/classes/class-blocks.php:94
Stack trace:
#0 [internal function]: LazyBlocks_Blocks->{closure}(Array)
#1 /Users/bitcube/Documents/Workspace/temporall_wordpress/app/public/wp-content/plugins/lazy-blocks/vendor/Handlebars/Handlebars.php(374): call_user_func_array(Object(Closure), Array)
#2 [internal function]: Handlebars\Handlebars->Handlebars\{closure}(Object(Handlebars\Template), Object(Handlebars\Context), Object(Handlebars\Arguments), '')
#3 /Users/bitcube/Documents/Workspace/temporall_wordpress/app/public/wp-content/plugins/lazy-blocks/vendor/Handlebars/Helpers.php(159): call_user_func(Object(Closure), Object(Handlebars\Template), Object(Handlebars\Context), Object(Handlebars\Arguments), '')
#4 /Users/bitcube/Documents/Workspace/temporall_wordpress/app/public/wp-content/plugins/lazy-bloc in /Users/bitcube/Documents/Workspace/temporall_wordpress/app/public/wp-content/plugins/lazy-blocks/classes/class-blocks.php on line 94
[30-Sep-2019 09:29:04 UTC] PHP Fatal error:  Uncaught ArgumentCountError: Too few arguments to function LazyBlocks_Blocks::{closure}(), 1 passed and at least 2 expected in /Users/bitcube/Documents/Workspace/temporall_wordpress/app/public/wp-content/plugins/lazy-blocks/classes/class-blocks.php:94
Stack trace:
#0 [internal function]: LazyBlocks_Blocks->{closure}(Array)
#1 /Users/bitcube/Documents/Workspace/temporall_wordpress/app/public/wp-content/plugins/lazy-blocks/vendor/Handlebars/Handlebars.php(374): call_user_func_array(Object(Closure), Array)
#2 [internal function]: Handlebars\Handlebars->Handlebars\{closure}(Object(Handlebars\Template), Object(Handlebars\Context), Object(Handlebars\Arguments), '')
#3 /Users/bitcube/Documents/Workspace/temporall_wordpress/app/public/wp-content/plugins/lazy-blocks/vendor/Handlebars/Helpers.php(159): call_user_func(Object(Closure), Object(Handlebars\Template), Object(Handlebars\Context), Object(Handlebars\Arguments), '')
#4 /Users/bitcube/Documents/Workspace/temporall_wordpress/app/public/wp-content/plugins/lazy-bloc in /Users/bitcube/Documents/Workspace/temporall_wordpress/app/public/wp-content/plugins/lazy-blocks/classes/class-blocks.php on line 94
[30-Sep-2019 09:29:09 UTC] PHP Fatal error:  Uncaught ArgumentCountError: Too few arguments to function LazyBlocks_Blocks::{closure}(), 1 passed and at least 2 expected in /Users/bitcube/Documents/Workspace/temporall_wordpress/app/public/wp-content/plugins/lazy-blocks/classes/class-blocks.php:94
Stack trace:
#0 [internal function]: LazyBlocks_Blocks->{closure}(Array)
#1 /Users/bitcube/Documents/Workspace/temporall_wordpress/app/public/wp-content/plugins/lazy-blocks/vendor/Handlebars/Handlebars.php(374): call_user_func_array(Object(Closure), Array)
#2 [internal function]: Handlebars\Handlebars->Handlebars\{closure}(Object(Handlebars\Template), Object(Handlebars\Context), Object(Handlebars\Arguments), '')
#3 /Users/bitcube/Documents/Workspace/temporall_wordpress/app/public/wp-content/plugins/lazy-blocks/vendor/Handlebars/Helpers.php(159): call_user_func(Object(Closure), Object(Handlebars\Template), Object(Handlebars\Context), Object(Handlebars\Arguments), '')
#4 /Users/bitcube/Documents/Workspace/temporall_wordpress/app/public/wp-content/plugins/lazy-bloc in /Users/bitcube/Documents/Workspace/temporall_wordpress/app/public/wp-content/plugins/lazy-blocks/classes/class-blocks.php on line 94
[30-Sep-2019 09:29:59 UTC] PHP Fatal error:  Uncaught ArgumentCountError: Too few arguments to function LazyBlocks_Blocks::{closure}(), 1 passed and at least 2 expected in /Users/bitcube/Documents/Workspace/temporall_wordpress/app/public/wp-content/plugins/lazy-blocks/classes/class-blocks.php:94
Stack trace:
#0 [internal function]: LazyBlocks_Blocks->{closure}(Array)
#1 /Users/bitcube/Documents/Workspace/temporall_wordpress/app/public/wp-content/plugins/lazy-blocks/vendor/Handlebars/Handlebars.php(374): call_user_func_array(Object(Closure), Array)
#2 [internal function]: Handlebars\Handlebars->Handlebars\{closure}(Object(Handlebars\Template), Object(Handlebars\Context), Object(Handlebars\Arguments), '')
#3 /Users/bitcube/Documents/Workspace/temporall_wordpress/app/public/wp-content/plugins/lazy-blocks/vendor/Handlebars/Helpers.php(159): call_user_func(Object(Closure), Object(Handlebars\Template), Object(Handlebars\Context), Object(Handlebars\Arguments), '')
#4 /Users/bitcube/Documents/Workspace/temporall_wordpress/app/public/wp-content/plugins/lazy-bloc in /Users/bitcube/Documents/Workspace/temporall_wordpress/app/public/wp-content/plugins/lazy-blocks/classes/class-blocks.php on line 94
[30-Sep-2019 09:30:10 UTC] PHP Fatal error:  Uncaught ArgumentCountError: Too few arguments to function LazyBlocks_Blocks::{closure}(), 1 passed and at least 2 expected in /Users/bitcube/Documents/Workspace/temporall_wordpress/app/public/wp-content/plugins/lazy-blocks/classes/class-blocks.php:94
Stack trace:
#0 [internal function]: LazyBlocks_Blocks->{closure}(Array)
#1 /Users/bitcube/Documents/Workspace/temporall_wordpress/app/public/wp-content/plugins/lazy-blocks/vendor/Handlebars/Handlebars.php(374): call_user_func_array(Object(Closure), Array)
#2 [internal function]: Handlebars\Handlebars->Handlebars\{closure}(Object(Handlebars\Template), Object(Handlebars\Context), Object(Handlebars\Arguments), '')
#3 /Users/bitcube/Documents/Workspace/temporall_wordpress/app/public/wp-content/plugins/lazy-blocks/vendor/Handlebars/Helpers.php(159): call_user_func(Object(Closure), Object(Handlebars\Template), Object(Handlebars\Context), Object(Handlebars\Arguments), '')
#4 /Users/bitcube/Documents/Workspace/temporall_wordpress/app/public/wp-content/plugins/lazy-bloc in /Users/bitcube/Documents/Workspace/temporall_wordpress/app/public/wp-content/plugins/lazy-blocks/classes/class-blocks.php on line 94
[30-Sep-2019 09:41:33 UTC] PHP Fatal error:  Uncaught ArgumentCountError: Too few arguments to function LazyBlocks_Blocks::{closure}(), 1 passed and at least 2 expected in /Users/bitcube/Documents/Workspace/temporall_wordpress/app/public/wp-content/plugins/lazy-blocks/classes/class-blocks.php:94
Stack trace:
#0 [internal function]: LazyBlocks_Blocks->{closure}(Array)
#1 /Users/bitcube/Documents/Workspace/temporall_wordpress/app/public/wp-content/plugins/lazy-blocks/vendor/Handlebars/Handlebars.php(374): call_user_func_array(Object(Closure), Array)
#2 [internal function]: Handlebars\Handlebars->Handlebars\{closure}(Object(Handlebars\Template), Object(Handlebars\Context), Object(Handlebars\Arguments), '')
#3 /Users/bitcube/Documents/Workspace/temporall_wordpress/app/public/wp-content/plugins/lazy-blocks/vendor/Handlebars/Helpers.php(159): call_user_func(Object(Closure), Object(Handlebars\Template), Object(Handlebars\Context), Object(Handlebars\Arguments), '')
#4 /Users/bitcube/Documents/Workspace/temporall_wordpress/app/public/wp-content/plugins/lazy-bloc in /Users/bitcube/Documents/Workspace/temporall_wordpress/app/public/wp-content/plugins/lazy-blocks/classes/class-blocks.php on line 94
[30-Sep-2019 09:43:05 UTC] PHP Fatal error:  Uncaught ArgumentCountError: Too few arguments to function LazyBlocks_Blocks::{closure}(), 1 passed and at least 2 expected in /Users/bitcube/Documents/Workspace/temporall_wordpress/app/public/wp-content/plugins/lazy-blocks/classes/class-blocks.php:94
Stack trace:
#0 [internal function]: LazyBlocks_Blocks->{closure}(Array)
#1 /Users/bitcube/Documents/Workspace/temporall_wordpress/app/public/wp-content/plugins/lazy-blocks/vendor/Handlebars/Handlebars.php(374): call_user_func_array(Object(Closure), Array)
#2 [internal function]: Handlebars\Handlebars->Handlebars\{closure}(Object(Handlebars\Template), Object(Handlebars\Context), Object(Handlebars\Arguments), '')
#3 /Users/bitcube/Documents/Workspace/temporall_wordpress/app/public/wp-content/plugins/lazy-blocks/vendor/Handlebars/Helpers.php(159): call_user_func(Object(Closure), Object(Handlebars\Template), Object(Handlebars\Context), Object(Handlebars\Arguments), '')
#4 /Users/bitcube/Documents/Workspace/temporall_wordpress/app/public/wp-content/plugins/lazy-bloc in /Users/bitcube/Documents/Workspace/temporall_wordpress/app/public/wp-content/plugins/lazy-blocks/classes/class-blocks.php on line 94
[30-Sep-2019 09:43:26 UTC] PHP Fatal error:  Uncaught ArgumentCountError: Too few arguments to function LazyBlocks_Blocks::{closure}(), 1 passed and at least 2 expected in /Users/bitcube/Documents/Workspace/temporall_wordpress/app/public/wp-content/plugins/lazy-blocks/classes/class-blocks.php:94
Stack trace:
#0 [internal function]: LazyBlocks_Blocks->{closure}(Array)
#1 /Users/bitcube/Documents/Workspace/temporall_wordpress/app/public/wp-content/plugins/lazy-blocks/vendor/Handlebars/Handlebars.php(374): call_user_func_array(Object(Closure), Array)
#2 [internal function]: Handlebars\Handlebars->Handlebars\{closure}(Object(Handlebars\Template), Object(Handlebars\Context), Object(Handlebars\Arguments), '')
#3 /Users/bitcube/Documents/Workspace/temporall_wordpress/app/public/wp-content/plugins/lazy-blocks/vendor/Handlebars/Helpers.php(159): call_user_func(Object(Closure), Object(Handlebars\Template), Object(Handlebars\Context), Object(Handlebars\Arguments), '')
#4 /Users/bitcube/Documents/Workspace/temporall_wordpress/app/public/wp-content/plugins/lazy-bloc in /Users/bitcube/Documents/Workspace/temporall_wordpress/app/public/wp-content/plugins/lazy-blocks/classes/class-blocks.php on line 94
[30-Sep-2019 09:43:33 UTC] PHP Fatal error:  Uncaught ArgumentCountError: Too few arguments to function LazyBlocks_Blocks::{closure}(), 1 passed and at least 2 expected in /Users/bitcube/Documents/Workspace/temporall_wordpress/app/public/wp-content/plugins/lazy-blocks/classes/class-blocks.php:94
Stack trace:
#0 [internal function]: LazyBlocks_Blocks->{closure}(Array)
#1 /Users/bitcube/Documents/Workspace/temporall_wordpress/app/public/wp-content/plugins/lazy-blocks/vendor/Handlebars/Handlebars.php(374): call_user_func_array(Object(Closure), Array)
#2 [internal function]: Handlebars\Handlebars->Handlebars\{closure}(Object(Handlebars\Template), Object(Handlebars\Context), Object(Handlebars\Arguments), '')
#3 /Users/bitcube/Documents/Workspace/temporall_wordpress/app/public/wp-content/plugins/lazy-blocks/vendor/Handlebars/Helpers.php(159): call_user_func(Object(Closure), Object(Handlebars\Template), Object(Handlebars\Context), Object(Handlebars\Arguments), '')
#4 /Users/bitcube/Documents/Workspace/temporall_wordpress/app/public/wp-content/plugins/lazy-bloc in /Users/bitcube/Documents/Workspace/temporall_wordpress/app/public/wp-content/plugins/lazy-blocks/classes/class-blocks.php on line 94
[30-Sep-2019 09:43:51 UTC] PHP Fatal error:  Uncaught ArgumentCountError: Too few arguments to function LazyBlocks_Blocks::{closure}(), 1 passed and at least 2 expected in /Users/bitcube/Documents/Workspace/temporall_wordpress/app/public/wp-content/plugins/lazy-blocks/classes/class-blocks.php:94
Stack trace:
#0 [internal function]: LazyBlocks_Blocks->{closure}(Array)
#1 /Users/bitcube/Documents/Workspace/temporall_wordpress/app/public/wp-content/plugins/lazy-blocks/vendor/Handlebars/Handlebars.php(374): call_user_func_array(Object(Closure), Array)
#2 [internal function]: Handlebars\Handlebars->Handlebars\{closure}(Object(Handlebars\Template), Object(Handlebars\Context), Object(Handlebars\Arguments), '')
#3 /Users/bitcube/Documents/Workspace/temporall_wordpress/app/public/wp-content/plugins/lazy-blocks/vendor/Handlebars/Helpers.php(159): call_user_func(Object(Closure), Object(Handlebars\Template), Object(Handlebars\Context), Object(Handlebars\Arguments), '')
#4 /Users/bitcube/Documents/Workspace/temporall_wordpress/app/public/wp-content/plugins/lazy-bloc in /Users/bitcube/Documents/Workspace/temporall_wordpress/app/public/wp-content/plugins/lazy-blocks/classes/class-blocks.php on line 94
[30-Sep-2019 09:45:03 UTC] PHP Fatal error:  Uncaught ArgumentCountError: Too few arguments to function LazyBlocks_Blocks::{closure}(), 1 passed and at least 2 expected in /Users/bitcube/Documents/Workspace/temporall_wordpress/app/public/wp-content/plugins/lazy-blocks/classes/class-blocks.php:94
Stack trace:
#0 [internal function]: LazyBlocks_Blocks->{closure}(Array)
#1 /Users/bitcube/Documents/Workspace/temporall_wordpress/app/public/wp-content/plugins/lazy-blocks/vendor/Handlebars/Handlebars.php(374): call_user_func_array(Object(Closure), Array)
#2 [internal function]: Handlebars\Handlebars->Handlebars\{closure}(Object(Handlebars\Template), Object(Handlebars\Context), Object(Handlebars\Arguments), '')
#3 /Users/bitcube/Documents/Workspace/temporall_wordpress/app/public/wp-content/plugins/lazy-blocks/vendor/Handlebars/Helpers.php(159): call_user_func(Object(Closure), Object(Handlebars\Template), Object(Handlebars\Context), Object(Handlebars\Arguments), '')
#4 /Users/bitcube/Documents/Workspace/temporall_wordpress/app/public/wp-content/plugins/lazy-bloc in /Users/bitcube/Documents/Workspace/temporall_wordpress/app/public/wp-content/plugins/lazy-blocks/classes/class-blocks.php on line 94
[30-Sep-2019 09:45:14 UTC] PHP Fatal error:  Uncaught ArgumentCountError: Too few arguments to function LazyBlocks_Blocks::{closure}(), 1 passed and at least 2 expected in /Users/bitcube/Documents/Workspace/temporall_wordpress/app/public/wp-content/plugins/lazy-blocks/classes/class-blocks.php:94
Stack trace:
#0 [internal function]: LazyBlocks_Blocks->{closure}(Array)
#1 /Users/bitcube/Documents/Workspace/temporall_wordpress/app/public/wp-content/plugins/lazy-blocks/vendor/Handlebars/Handlebars.php(374): call_user_func_array(Object(Closure), Array)
#2 [internal function]: Handlebars\Handlebars->Handlebars\{closure}(Object(Handlebars\Template), Object(Handlebars\Context), Object(Handlebars\Arguments), '')
#3 /Users/bitcube/Documents/Workspace/temporall_wordpress/app/public/wp-content/plugins/lazy-blocks/vendor/Handlebars/Helpers.php(159): call_user_func(Object(Closure), Object(Handlebars\Template), Object(Handlebars\Context), Object(Handlebars\Arguments), '')
#4 /Users/bitcube/Documents/Workspace/temporall_wordpress/app/public/wp-content/plugins/lazy-bloc in /Users/bitcube/Documents/Workspace/temporall_wordpress/app/public/wp-content/plugins/lazy-blocks/classes/class-blocks.php on line 94
[30-Sep-2019 09:50:15 UTC] PHP Fatal error:  Uncaught ArgumentCountError: Too few arguments to function LazyBlocks_Blocks::{closure}(), 1 passed and at least 2 expected in /Users/bitcube/Documents/Workspace/temporall_wordpress/app/public/wp-content/plugins/lazy-blocks/classes/class-blocks.php:94
Stack trace:
#0 [internal function]: LazyBlocks_Blocks->{closure}(Array)
#1 /Users/bitcube/Documents/Workspace/temporall_wordpress/app/public/wp-content/plugins/lazy-blocks/vendor/Handlebars/Handlebars.php(374): call_user_func_array(Object(Closure), Array)
#2 [internal function]: Handlebars\Handlebars->Handlebars\{closure}(Object(Handlebars\Template), Object(Handlebars\Context), Object(Handlebars\Arguments), '')
#3 /Users/bitcube/Documents/Workspace/temporall_wordpress/app/public/wp-content/plugins/lazy-blocks/vendor/Handlebars/Helpers.php(159): call_user_func(Object(Closure), Object(Handlebars\Template), Object(Handlebars\Context), Object(Handlebars\Arguments), '')
#4 /Users/bitcube/Documents/Workspace/temporall_wordpress/app/public/wp-content/plugins/lazy-bloc in /Users/bitcube/Documents/Workspace/temporall_wordpress/app/public/wp-content/plugins/lazy-blocks/classes/class-blocks.php on line 94
[30-Sep-2019 09:54:47 UTC] PHP Fatal error:  Uncaught ArgumentCountError: Too few arguments to function LazyBlocks_Blocks::{closure}(), 1 passed and at least 2 expected in /Users/bitcube/Documents/Workspace/temporall_wordpress/app/public/wp-content/plugins/lazy-blocks/classes/class-blocks.php:94
Stack trace:
#0 [internal function]: LazyBlocks_Blocks->{closure}(Array)
#1 /Users/bitcube/Documents/Workspace/temporall_wordpress/app/public/wp-content/plugins/lazy-blocks/vendor/Handlebars/Handlebars.php(374): call_user_func_array(Object(Closure), Array)
#2 [internal function]: Handlebars\Handlebars->Handlebars\{closure}(Object(Handlebars\Template), Object(Handlebars\Context), Object(Handlebars\Arguments), '')
#3 /Users/bitcube/Documents/Workspace/temporall_wordpress/app/public/wp-content/plugins/lazy-blocks/vendor/Handlebars/Helpers.php(159): call_user_func(Object(Closure), Object(Handlebars\Template), Object(Handlebars\Context), Object(Handlebars\Arguments), '')
#4 /Users/bitcube/Documents/Workspace/temporall_wordpress/app/public/wp-content/plugins/lazy-bloc in /Users/bitcube/Documents/Workspace/temporall_wordpress/app/public/wp-content/plugins/lazy-blocks/classes/class-blocks.php on line 94
[30-Sep-2019 09:56:14 UTC] PHP Fatal error:  Uncaught ArgumentCountError: Too few arguments to function LazyBlocks_Blocks::{closure}(), 1 passed and at least 2 expected in /Users/bitcube/Documents/Workspace/temporall_wordpress/app/public/wp-content/plugins/lazy-blocks/classes/class-blocks.php:94
Stack trace:
#0 [internal function]: LazyBlocks_Blocks->{closure}(Array)
#1 /Users/bitcube/Documents/Workspace/temporall_wordpress/app/public/wp-content/plugins/lazy-blocks/vendor/Handlebars/Handlebars.php(374): call_user_func_array(Object(Closure), Array)
#2 [internal function]: Handlebars\Handlebars->Handlebars\{closure}(Object(Handlebars\Template), Object(Handlebars\Context), Object(Handlebars\Arguments), '')
#3 /Users/bitcube/Documents/Workspace/temporall_wordpress/app/public/wp-content/plugins/lazy-blocks/vendor/Handlebars/Helpers.php(159): call_user_func(Object(Closure), Object(Handlebars\Template), Object(Handlebars\Context), Object(Handlebars\Arguments), '')
#4 /Users/bitcube/Documents/Workspace/temporall_wordpress/app/public/wp-content/plugins/lazy-bloc in /Users/bitcube/Documents/Workspace/temporall_wordpress/app/public/wp-content/plugins/lazy-blocks/classes/class-blocks.php on line 94
[30-Sep-2019 09:56:42 UTC] PHP Fatal error:  Uncaught ArgumentCountError: Too few arguments to function LazyBlocks_Blocks::{closure}(), 1 passed and at least 2 expected in /Users/bitcube/Documents/Workspace/temporall_wordpress/app/public/wp-content/plugins/lazy-blocks/classes/class-blocks.php:94
Stack trace:
#0 [internal function]: LazyBlocks_Blocks->{closure}(Array)
#1 /Users/bitcube/Documents/Workspace/temporall_wordpress/app/public/wp-content/plugins/lazy-blocks/vendor/Handlebars/Handlebars.php(374): call_user_func_array(Object(Closure), Array)
#2 [internal function]: Handlebars\Handlebars->Handlebars\{closure}(Object(Handlebars\Template), Object(Handlebars\Context), Object(Handlebars\Arguments), '')
#3 /Users/bitcube/Documents/Workspace/temporall_wordpress/app/public/wp-content/plugins/lazy-blocks/vendor/Handlebars/Helpers.php(159): call_user_func(Object(Closure), Object(Handlebars\Template), Object(Handlebars\Context), Object(Handlebars\Arguments), '')
#4 /Users/bitcube/Documents/Workspace/temporall_wordpress/app/public/wp-content/plugins/lazy-bloc in /Users/bitcube/Documents/Workspace/temporall_wordpress/app/public/wp-content/plugins/lazy-blocks/classes/class-blocks.php on line 94
[30-Sep-2019 09:57:07 UTC] PHP Fatal error:  Uncaught ArgumentCountError: Too few arguments to function LazyBlocks_Blocks::{closure}(), 1 passed and at least 2 expected in /Users/bitcube/Documents/Workspace/temporall_wordpress/app/public/wp-content/plugins/lazy-blocks/classes/class-blocks.php:94
Stack trace:
#0 [internal function]: LazyBlocks_Blocks->{closure}(Array)
#1 /Users/bitcube/Documents/Workspace/temporall_wordpress/app/public/wp-content/plugins/lazy-blocks/vendor/Handlebars/Handlebars.php(374): call_user_func_array(Object(Closure), Array)
#2 [internal function]: Handlebars\Handlebars->Handlebars\{closure}(Object(Handlebars\Template), Object(Handlebars\Context), Object(Handlebars\Arguments), '')
#3 /Users/bitcube/Documents/Workspace/temporall_wordpress/app/public/wp-content/plugins/lazy-blocks/vendor/Handlebars/Helpers.php(159): call_user_func(Object(Closure), Object(Handlebars\Template), Object(Handlebars\Context), Object(Handlebars\Arguments), '')
#4 /Users/bitcube/Documents/Workspace/temporall_wordpress/app/public/wp-content/plugins/lazy-bloc in /Users/bitcube/Documents/Workspace/temporall_wordpress/app/public/wp-content/plugins/lazy-blocks/classes/class-blocks.php on line 94
[30-Sep-2019 10:33:59 UTC] PHP Fatal error:  Uncaught ArgumentCountError: Too few arguments to function LazyBlocks_Blocks::{closure}(), 1 passed and at least 2 expected in /Users/bitcube/Documents/Workspace/temporall_wordpress/app/public/wp-content/plugins/lazy-blocks/classes/class-blocks.php:94
Stack trace:
#0 [internal function]: LazyBlocks_Blocks->{closure}(Array)
#1 /Users/bitcube/Documents/Workspace/temporall_wordpress/app/public/wp-content/plugins/lazy-blocks/vendor/Handlebars/Handlebars.php(374): call_user_func_array(Object(Closure), Array)
#2 [internal function]: Handlebars\Handlebars->Handlebars\{closure}(Object(Handlebars\Template), Object(Handlebars\Context), Object(Handlebars\Arguments), '')
#3 /Users/bitcube/Documents/Workspace/temporall_wordpress/app/public/wp-content/plugins/lazy-blocks/vendor/Handlebars/Helpers.php(159): call_user_func(Object(Closure), Object(Handlebars\Template), Object(Handlebars\Context), Object(Handlebars\Arguments), '')
#4 /Users/bitcube/Documents/Workspace/temporall_wordpress/app/public/wp-content/plugins/lazy-bloc in /Users/bitcube/Documents/Workspace/temporall_wordpress/app/public/wp-content/plugins/lazy-blocks/classes/class-blocks.php on line 94
[30-Sep-2019 10:35:57 UTC] PHP Fatal error:  Uncaught ArgumentCountError: Too few arguments to function LazyBlocks_Blocks::{closure}(), 1 passed and at least 2 expected in /Users/bitcube/Documents/Workspace/temporall_wordpress/app/public/wp-content/plugins/lazy-blocks/classes/class-blocks.php:94
Stack trace:
#0 [internal function]: LazyBlocks_Blocks->{closure}(Array)
#1 /Users/bitcube/Documents/Workspace/temporall_wordpress/app/public/wp-content/plugins/lazy-blocks/vendor/Handlebars/Handlebars.php(374): call_user_func_array(Object(Closure), Array)
#2 [internal function]: Handlebars\Handlebars->Handlebars\{closure}(Object(Handlebars\Template), Object(Handlebars\Context), Object(Handlebars\Arguments), '')
#3 /Users/bitcube/Documents/Workspace/temporall_wordpress/app/public/wp-content/plugins/lazy-blocks/vendor/Handlebars/Helpers.php(159): call_user_func(Object(Closure), Object(Handlebars\Template), Object(Handlebars\Context), Object(Handlebars\Arguments), '')
#4 /Users/bitcube/Documents/Workspace/temporall_wordpress/app/public/wp-content/plugins/lazy-bloc in /Users/bitcube/Documents/Workspace/temporall_wordpress/app/public/wp-content/plugins/lazy-blocks/classes/class-blocks.php on line 94
[30-Sep-2019 10:37:39 UTC] PHP Fatal error:  Uncaught ArgumentCountError: Too few arguments to function LazyBlocks_Blocks::{closure}(), 1 passed and at least 2 expected in /Users/bitcube/Documents/Workspace/temporall_wordpress/app/public/wp-content/plugins/lazy-blocks/classes/class-blocks.php:94
Stack trace:
#0 [internal function]: LazyBlocks_Blocks->{closure}(Array)
#1 /Users/bitcube/Documents/Workspace/temporall_wordpress/app/public/wp-content/plugins/lazy-blocks/vendor/Handlebars/Handlebars.php(374): call_user_func_array(Object(Closure), Array)
#2 [internal function]: Handlebars\Handlebars->Handlebars\{closure}(Object(Handlebars\Template), Object(Handlebars\Context), Object(Handlebars\Arguments), '')
#3 /Users/bitcube/Documents/Workspace/temporall_wordpress/app/public/wp-content/plugins/lazy-blocks/vendor/Handlebars/Helpers.php(159): call_user_func(Object(Closure), Object(Handlebars\Template), Object(Handlebars\Context), Object(Handlebars\Arguments), '')
#4 /Users/bitcube/Documents/Workspace/temporall_wordpress/app/public/wp-content/plugins/lazy-bloc in /Users/bitcube/Documents/Workspace/temporall_wordpress/app/public/wp-content/plugins/lazy-blocks/classes/class-blocks.php on line 94
[30-Sep-2019 10:44:14 UTC] PHP Fatal error:  Uncaught ArgumentCountError: Too few arguments to function LazyBlocks_Blocks::{closure}(), 1 passed and at least 2 expected in /Users/bitcube/Documents/Workspace/temporall_wordpress/app/public/wp-content/plugins/lazy-blocks/classes/class-blocks.php:94
Stack trace:
#0 [internal function]: LazyBlocks_Blocks->{closure}(Array)
#1 /Users/bitcube/Documents/Workspace/temporall_wordpress/app/public/wp-content/plugins/lazy-blocks/vendor/Handlebars/Handlebars.php(374): call_user_func_array(Object(Closure), Array)
#2 [internal function]: Handlebars\Handlebars->Handlebars\{closure}(Object(Handlebars\Template), Object(Handlebars\Context), Object(Handlebars\Arguments), '')
#3 /Users/bitcube/Documents/Workspace/temporall_wordpress/app/public/wp-content/plugins/lazy-blocks/vendor/Handlebars/Helpers.php(159): call_user_func(Object(Closure), Object(Handlebars\Template), Object(Handlebars\Context), Object(Handlebars\Arguments), '')
#4 /Users/bitcube/Documents/Workspace/temporall_wordpress/app/public/wp-content/plugins/lazy-bloc in /Users/bitcube/Documents/Workspace/temporall_wordpress/app/public/wp-content/plugins/lazy-blocks/classes/class-blocks.php on line 94
[30-Sep-2019 10:45:14 UTC] PHP Fatal error:  Uncaught ArgumentCountError: Too few arguments to function LazyBlocks_Blocks::{closure}(), 1 passed and at least 2 expected in /Users/bitcube/Documents/Workspace/temporall_wordpress/app/public/wp-content/plugins/lazy-blocks/classes/class-blocks.php:94
Stack trace:
#0 [internal function]: LazyBlocks_Blocks->{closure}(Array)
#1 /Users/bitcube/Documents/Workspace/temporall_wordpress/app/public/wp-content/plugins/lazy-blocks/vendor/Handlebars/Handlebars.php(374): call_user_func_array(Object(Closure), Array)
#2 [internal function]: Handlebars\Handlebars->Handlebars\{closure}(Object(Handlebars\Template), Object(Handlebars\Context), Object(Handlebars\Arguments), '')
#3 /Users/bitcube/Documents/Workspace/temporall_wordpress/app/public/wp-content/plugins/lazy-blocks/vendor/Handlebars/Helpers.php(159): call_user_func(Object(Closure), Object(Handlebars\Template), Object(Handlebars\Context), Object(Handlebars\Arguments), '')
#4 /Users/bitcube/Documents/Workspace/temporall_wordpress/app/public/wp-content/plugins/lazy-bloc in /Users/bitcube/Documents/Workspace/temporall_wordpress/app/public/wp-content/plugins/lazy-blocks/classes/class-blocks.php on line 94
[30-Sep-2019 10:45:47 UTC] PHP Fatal error:  Uncaught ArgumentCountError: Too few arguments to function LazyBlocks_Blocks::{closure}(), 1 passed and at least 2 expected in /Users/bitcube/Documents/Workspace/temporall_wordpress/app/public/wp-content/plugins/lazy-blocks/classes/class-blocks.php:94
Stack trace:
#0 [internal function]: LazyBlocks_Blocks->{closure}(Array)
#1 /Users/bitcube/Documents/Workspace/temporall_wordpress/app/public/wp-content/plugins/lazy-blocks/vendor/Handlebars/Handlebars.php(374): call_user_func_array(Object(Closure), Array)
#2 [internal function]: Handlebars\Handlebars->Handlebars\{closure}(Object(Handlebars\Template), Object(Handlebars\Context), Object(Handlebars\Arguments), '')
#3 /Users/bitcube/Documents/Workspace/temporall_wordpress/app/public/wp-content/plugins/lazy-blocks/vendor/Handlebars/Helpers.php(159): call_user_func(Object(Closure), Object(Handlebars\Template), Object(Handlebars\Context), Object(Handlebars\Arguments), '')
#4 /Users/bitcube/Documents/Workspace/temporall_wordpress/app/public/wp-content/plugins/lazy-bloc in /Users/bitcube/Documents/Workspace/temporall_wordpress/app/public/wp-content/plugins/lazy-blocks/classes/class-blocks.php on line 94
[30-Sep-2019 10:50:37 UTC] PHP Fatal error:  Uncaught ArgumentCountError: Too few arguments to function LazyBlocks_Blocks::{closure}(), 1 passed and at least 2 expected in /Users/bitcube/Documents/Workspace/temporall_wordpress/app/public/wp-content/plugins/lazy-blocks/classes/class-blocks.php:94
Stack trace:
#0 [internal function]: LazyBlocks_Blocks->{closure}(Array)
#1 /Users/bitcube/Documents/Workspace/temporall_wordpress/app/public/wp-content/plugins/lazy-blocks/vendor/Handlebars/Handlebars.php(374): call_user_func_array(Object(Closure), Array)
#2 [internal function]: Handlebars\Handlebars->Handlebars\{closure}(Object(Handlebars\Template), Object(Handlebars\Context), Object(Handlebars\Arguments), '')
#3 /Users/bitcube/Documents/Workspace/temporall_wordpress/app/public/wp-content/plugins/lazy-blocks/vendor/Handlebars/Helpers.php(159): call_user_func(Object(Closure), Object(Handlebars\Template), Object(Handlebars\Context), Object(Handlebars\Arguments), '')
#4 /Users/bitcube/Documents/Workspace/temporall_wordpress/app/public/wp-content/plugins/lazy-bloc in /Users/bitcube/Documents/Workspace/temporall_wordpress/app/public/wp-content/plugins/lazy-blocks/classes/class-blocks.php on line 94
[30-Sep-2019 10:53:42 UTC] PHP Fatal error:  Uncaught ArgumentCountError: Too few arguments to function LazyBlocks_Blocks::{closure}(), 1 passed and at least 2 expected in /Users/bitcube/Documents/Workspace/temporall_wordpress/app/public/wp-content/plugins/lazy-blocks/classes/class-blocks.php:94
Stack trace:
#0 [internal function]: LazyBlocks_Blocks->{closure}(Array)
#1 /Users/bitcube/Documents/Workspace/temporall_wordpress/app/public/wp-content/plugins/lazy-blocks/vendor/Handlebars/Handlebars.php(374): call_user_func_array(Object(Closure), Array)
#2 [internal function]: Handlebars\Handlebars->Handlebars\{closure}(Object(Handlebars\Template), Object(Handlebars\Context), Object(Handlebars\Arguments), '')
#3 /Users/bitcube/Documents/Workspace/temporall_wordpress/app/public/wp-content/plugins/lazy-blocks/vendor/Handlebars/Helpers.php(159): call_user_func(Object(Closure), Object(Handlebars\Template), Object(Handlebars\Context), Object(Handlebars\Arguments), '')
#4 /Users/bitcube/Documents/Workspace/temporall_wordpress/app/public/wp-content/plugins/lazy-bloc in /Users/bitcube/Documents/Workspace/temporall_wordpress/app/public/wp-content/plugins/lazy-blocks/classes/class-blocks.php on line 94
[30-Sep-2019 10:56:20 UTC] PHP Fatal error:  Uncaught ArgumentCountError: Too few arguments to function LazyBlocks_Blocks::{closure}(), 1 passed and at least 2 expected in /Users/bitcube/Documents/Workspace/temporall_wordpress/app/public/wp-content/plugins/lazy-blocks/classes/class-blocks.php:94
Stack trace:
#0 [internal function]: LazyBlocks_Blocks->{closure}(Array)
#1 /Users/bitcube/Documents/Workspace/temporall_wordpress/app/public/wp-content/plugins/lazy-blocks/vendor/Handlebars/Handlebars.php(374): call_user_func_array(Object(Closure), Array)
#2 [internal function]: Handlebars\Handlebars->Handlebars\{closure}(Object(Handlebars\Template), Object(Handlebars\Context), Object(Handlebars\Arguments), '')
#3 /Users/bitcube/Documents/Workspace/temporall_wordpress/app/public/wp-content/plugins/lazy-blocks/vendor/Handlebars/Helpers.php(159): call_user_func(Object(Closure), Object(Handlebars\Template), Object(Handlebars\Context), Object(Handlebars\Arguments), '')
#4 /Users/bitcube/Documents/Workspace/temporall_wordpress/app/public/wp-content/plugins/lazy-bloc in /Users/bitcube/Documents/Workspace/temporall_wordpress/app/public/wp-content/plugins/lazy-blocks/classes/class-blocks.php on line 94
[30-Sep-2019 10:56:30 UTC] PHP Fatal error:  Uncaught ArgumentCountError: Too few arguments to function LazyBlocks_Blocks::{closure}(), 1 passed and at least 2 expected in /Users/bitcube/Documents/Workspace/temporall_wordpress/app/public/wp-content/plugins/lazy-blocks/classes/class-blocks.php:94
Stack trace:
#0 [internal function]: LazyBlocks_Blocks->{closure}(Array)
#1 /Users/bitcube/Documents/Workspace/temporall_wordpress/app/public/wp-content/plugins/lazy-blocks/vendor/Handlebars/Handlebars.php(374): call_user_func_array(Object(Closure), Array)
#2 [internal function]: Handlebars\Handlebars->Handlebars\{closure}(Object(Handlebars\Template), Object(Handlebars\Context), Object(Handlebars\Arguments), '')
#3 /Users/bitcube/Documents/Workspace/temporall_wordpress/app/public/wp-content/plugins/lazy-blocks/vendor/Handlebars/Helpers.php(159): call_user_func(Object(Closure), Object(Handlebars\Template), Object(Handlebars\Context), Object(Handlebars\Arguments), '')
#4 /Users/bitcube/Documents/Workspace/temporall_wordpress/app/public/wp-content/plugins/lazy-bloc in /Users/bitcube/Documents/Workspace/temporall_wordpress/app/public/wp-content/plugins/lazy-blocks/classes/class-blocks.php on line 94
[30-Sep-2019 15:49:41 UTC] PHP Fatal error:  Uncaught LogicException: Unexpected closing tag: /if in /Users/bitcube/Documents/Workspace/temporall_wordpress/app/public/wp-content/plugins/lazy-blocks/vendor/Handlebars/Parser.php:80
Stack trace:
#0 /Users/bitcube/Documents/Workspace/temporall_wordpress/app/public/wp-content/plugins/lazy-blocks/vendor/Handlebars/Parser.php(50): Handlebars\Parser->_buildTree(Object(ArrayIterator))
#1 /Users/bitcube/Documents/Workspace/temporall_wordpress/app/public/wp-content/plugins/lazy-blocks/vendor/Handlebars/Handlebars.php(712): Handlebars\Parser->parse(Array)
#2 /Users/bitcube/Documents/Workspace/temporall_wordpress/app/public/wp-content/plugins/lazy-blocks/vendor/Handlebars/Handlebars.php(635): Handlebars\Handlebars->_tokenize(Object(Handlebars\StringWrapper))
#3 /Users/bitcube/Documents/Workspace/temporall_wordpress/app/public/wp-content/plugins/lazy-blocks/vendor/Handlebars/Handlebars.php(210): Handlebars\Handlebars->loadTemplate('<div class="con...')
#4 /Users/bitcube/Documents/Workspace/temporall_wordpress/app/pub in /Users/bitcube/Documents/Workspace/temporall_wordpress/app/public/wp-content/plugins/lazy-blocks/vendor/Handlebars/Parser.php on line 80
